{"D:\\Bancolombia Bizagi\\Ciclo de crédito\\lambda-BancaIndependientes\\index.js": {"path":"D:\\Bancolombia Bizagi\\Ciclo de crédito\\lambda-BancaIndependientes\\index.js","statementMap":{"0":{"start":{"line":2,"column":0},"end":{"line":2,"column":48}},"1":{"start":{"line":7,"column":22},"end":{"line":7,"column":51}},"2":{"start":{"line":9,"column":25},"end":{"line":9,"column":59}},"3":{"start":{"line":14,"column":4},"end":{"line":14,"column":35}},"4":{"start":{"line":17,"column":15},"end":{"line":17,"column":32}},"5":{"start":{"line":18,"column":15},"end":{"line":18,"column":33}},"6":{"start":{"line":19,"column":0},"end":{"line":19,"column":23}},"7":{"start":{"line":22,"column":0},"end":{"line":63,"column":1}},"8":{"start":{"line":23,"column":2},"end":{"line":23,"column":11}},"9":{"start":{"line":26,"column":2},"end":{"line":62,"column":5}},"10":{"start":{"line":29,"column":61},"end":{"line":29,"column":67}},"11":{"start":{"line":33,"column":18},"end":{"line":33,"column":34}},"12":{"start":{"line":35,"column":4},"end":{"line":41,"column":5}},"13":{"start":{"line":37,"column":24},"end":{"line":37,"column":54}},"14":{"start":{"line":38,"column":6},"end":{"line":40,"column":61}},"15":{"start":{"line":39,"column":41},"end":{"line":39,"column":58}},"16":{"start":{"line":40,"column":42},"end":{"line":40,"column":59}},"17":{"start":{"line":43,"column":22},"end":{"line":45,"column":24}},"18":{"start":{"line":48,"column":4},"end":{"line":50,"column":5}},"19":{"start":{"line":49,"column":6},"end":{"line":49,"column":69}},"20":{"start":{"line":52,"column":24},"end":{"line":52,"column":56}},"21":{"start":{"line":53,"column":19},"end":{"line":53,"column":30}},"22":{"start":{"line":55,"column":4},"end":{"line":57,"column":5}},"23":{"start":{"line":56,"column":6},"end":{"line":56,"column":53}},"24":{"start":{"line":59,"column":23},"end":{"line":59,"column":61}},"25":{"start":{"line":60,"column":4},"end":{"line":60,"column":28}},"26":{"start":{"line":64,"column":0},"end":{"line":64,"column":9}},"27":{"start":{"line":66,"column":0},"end":{"line":66,"column":15}},"28":{"start":{"line":68,"column":0},"end":{"line":70,"column":1}}},"fnMap":{"0":{"name":"(anonymous_0)","decl":{"start":{"line":22,"column":15},"end":{"line":22,"column":16}},"loc":{"start":{"line":22,"column":26},"end":{"line":63,"column":1}},"line":22},"1":{"name":"(anonymous_1)","decl":{"start":{"line":26,"column":25},"end":{"line":26,"column":26}},"loc":{"start":{"line":26,"column":41},"end":{"line":62,"column":3}},"line":26},"2":{"name":"(anonymous_2)","decl":{"start":{"line":39,"column":34},"end":{"line":39,"column":35}},"loc":{"start":{"line":39,"column":41},"end":{"line":39,"column":58}},"line":39},"3":{"name":"(anonymous_3)","decl":{"start":{"line":40,"column":35},"end":{"line":40,"column":36}},"loc":{"start":{"line":40,"column":42},"end":{"line":40,"column":59}},"line":40}},"branchMap":{"0":{"loc":{"start":{"line":35,"column":4},"end":{"line":41,"column":5}},"type":"if","locations":[{"start":{"line":35,"column":4},"end":{"line":41,"column":5}},{"start":{},"end":{}}],"line":35},"1":{"loc":{"start":{"line":43,"column":22},"end":{"line":45,"column":24}},"type":"cond-expr","locations":[{"start":{"line":43,"column":51},"end":{"line":43,"column":79}},{"start":{"line":44,"column":22},"end":{"line":45,"column":24}}],"line":43},"2":{"loc":{"start":{"line":44,"column":22},"end":{"line":45,"column":24}},"type":"cond-expr","locations":[{"start":{"line":44,"column":51},"end":{"line":44,"column":79}},{"start":{"line":45,"column":22},"end":{"line":45,"column":24}}],"line":44},"3":{"loc":{"start":{"line":48,"column":4},"end":{"line":50,"column":5}},"type":"if","locations":[{"start":{"line":48,"column":4},"end":{"line":50,"column":5}},{"start":{},"end":{}}],"line":48},"4":{"loc":{"start":{"line":55,"column":4},"end":{"line":57,"column":5}},"type":"if","locations":[{"start":{"line":55,"column":4},"end":{"line":57,"column":5}},{"start":{},"end":{}}],"line":55}},"s":{"0":1,"1":1,"2":1,"3":1,"4":1,"5":1,"6":1,"7":1,"8":1,"9":1,"10":1,"11":1,"12":0,"13":0,"14":0,"15":0,"16":0,"17":0,"18":0,"19":0,"20":0,"21":0,"22":0,"23":0,"24":0,"25":0,"26":1,"27":1,"28":1},"f":{"0":1,"1":1,"2":0,"3":0},"b":{"0":[0,0],"1":[0,0],"2":[0,0],"3":[0,0],"4":[0,0]},"_coverageSchema":"1a1c01bbd47fc00a2c39e90264f33305004495a9","hash":"6f87e7b7b8d764dd341dad910e060e648ab819db"}
,"D:\\Bancolombia Bizagi\\Ciclo de crédito\\lambda-BancaIndependientes\\src\\config\\config.js": {"path":"D:\\Bancolombia Bizagi\\Ciclo de crédito\\lambda-BancaIndependientes\\src\\config\\config.js","statementMap":{"0":{"start":{"line":2,"column":15},"end":{"line":2,"column":39}},"1":{"start":{"line":4,"column":10},"end":{"line":4,"column":27}},"2":{"start":{"line":6,"column":22},"end":{"line":6,"column":34}},"3":{"start":{"line":7,"column":20},"end":{"line":7,"column":27}},"4":{"start":{"line":8,"column":26},"end":{"line":8,"column":45}},"5":{"start":{"line":9,"column":20},"end":{"line":9,"column":61}},"6":{"start":{"line":11,"column":0},"end":{"line":11,"column":29}}},"fnMap":{},"branchMap":{},"s":{"0":2,"1":2,"2":2,"3":2,"4":2,"5":2,"6":2},"f":{},"b":{},"_coverageSchema":"1a1c01bbd47fc00a2c39e90264f33305004495a9","hash":"29ca27e71d7b1b922e830ab24cb6509f5307fd4f"}
,"D:\\Bancolombia Bizagi\\Ciclo de crédito\\lambda-BancaIndependientes\\src\\config\\example.js": {"path":"D:\\Bancolombia Bizagi\\Ciclo de crédito\\lambda-BancaIndependientes\\src\\config\\example.js","statementMap":{"0":{"start":{"line":2,"column":13},"end":{"line":41,"column":1}},"1":{"start":{"line":45,"column":13},"end":{"line":83,"column":1}},"2":{"start":{"line":85,"column":13},"end":{"line":123,"column":1}},"3":{"start":{"line":126,"column":0},"end":{"line":128,"column":4}}},"fnMap":{},"branchMap":{},"s":{"0":1,"1":1,"2":1,"3":1},"f":{},"b":{},"_coverageSchema":"1a1c01bbd47fc00a2c39e90264f33305004495a9","hash":"660abbbc1455da8ed521ec57e53eb52463090332"}
,"D:\\Bancolombia Bizagi\\Ciclo de crédito\\lambda-BancaIndependientes\\src\\helpers\\bodyOdata.js": {"path":"D:\\Bancolombia Bizagi\\Ciclo de crédito\\lambda-BancaIndependientes\\src\\helpers\\bodyOdata.js","statementMap":{"0":{"start":{"line":2,"column":19},"end":{"line":11,"column":1}},"1":{"start":{"line":3,"column":4},"end":{"line":10,"column":7}},"2":{"start":{"line":13,"column":0},"end":{"line":15,"column":1}}},"fnMap":{"0":{"name":"(anonymous_0)","decl":{"start":{"line":2,"column":19},"end":{"line":2,"column":20}},"loc":{"start":{"line":2,"column":37},"end":{"line":11,"column":1}},"line":2}},"branchMap":{},"s":{"0":2,"1":4,"2":2},"f":{"0":4},"b":{},"_coverageSchema":"1a1c01bbd47fc00a2c39e90264f33305004495a9","hash":"b7d99ab11ddc6abca1699ce4f2f61afa5d72d335"}
,"D:\\Bancolombia Bizagi\\Ciclo de crédito\\lambda-BancaIndependientes\\src\\helpers\\headersOdata.js": {"path":"D:\\Bancolombia Bizagi\\Ciclo de crédito\\lambda-BancaIndependientes\\src\\helpers\\headersOdata.js","statementMap":{"0":{"start":{"line":2,"column":17},"end":{"line":7,"column":1}},"1":{"start":{"line":3,"column":4},"end":{"line":6,"column":5}},"2":{"start":{"line":9,"column":0},"end":{"line":11,"column":1}}},"fnMap":{"0":{"name":"(anonymous_0)","decl":{"start":{"line":2,"column":17},"end":{"line":2,"column":18}},"loc":{"start":{"line":2,"column":35},"end":{"line":7,"column":1}},"line":2}},"branchMap":{"0":{"loc":{"start":{"line":2,"column":19},"end":{"line":2,"column":29}},"type":"default-arg","locations":[{"start":{"line":2,"column":27},"end":{"line":2,"column":29}}],"line":2}},"s":{"0":2,"1":5,"2":2},"f":{"0":5},"b":{"0":[0]},"_coverageSchema":"1a1c01bbd47fc00a2c39e90264f33305004495a9","hash":"6ed66222d42657c1c47a4ed59fd1e0403ee2ff0e"}
,"D:\\Bancolombia Bizagi\\Ciclo de crédito\\lambda-BancaIndependientes\\src\\utils\\bizagi.js": {"path":"D:\\Bancolombia Bizagi\\Ciclo de crédito\\lambda-BancaIndependientes\\src\\utils\\bizagi.js","statementMap":{"0":{"start":{"line":1,"column":15},"end":{"line":1,"column":42}},"1":{"start":{"line":2,"column":23},"end":{"line":2,"column":57}},"2":{"start":{"line":4,"column":14},"end":{"line":4,"column":30}},"3":{"start":{"line":6,"column":0},"end":{"line":6,"column":48}},"4":{"start":{"line":8,"column":17},"end":{"line":25,"column":1}},"5":{"start":{"line":9,"column":4},"end":{"line":24,"column":5}},"6":{"start":{"line":10,"column":24},"end":{"line":18,"column":9}},"7":{"start":{"line":19,"column":25},"end":{"line":19,"column":45}},"8":{"start":{"line":20,"column":8},"end":{"line":20,"column":20}},"9":{"start":{"line":23,"column":8},"end":{"line":23,"column":23}},"10":{"start":{"line":27,"column":19},"end":{"line":40,"column":1}},"11":{"start":{"line":28,"column":4},"end":{"line":39,"column":5}},"12":{"start":{"line":29,"column":24},"end":{"line":34,"column":9}},"13":{"start":{"line":35,"column":21},"end":{"line":35,"column":41}},"14":{"start":{"line":36,"column":8},"end":{"line":36,"column":25}},"15":{"start":{"line":38,"column":8},"end":{"line":38,"column":23}},"16":{"start":{"line":42,"column":20},"end":{"line":60,"column":1}},"17":{"start":{"line":43,"column":4},"end":{"line":59,"column":5}},"18":{"start":{"line":44,"column":21},"end":{"line":44,"column":73}},"19":{"start":{"line":45,"column":24},"end":{"line":49,"column":9}},"20":{"start":{"line":50,"column":37},"end":{"line":50,"column":57}},"21":{"start":{"line":51,"column":8},"end":{"line":55,"column":24}},"22":{"start":{"line":51,"column":34},"end":{"line":51,"column":70}},"23":{"start":{"line":52,"column":32},"end":{"line":55,"column":21}},"24":{"start":{"line":58,"column":8},"end":{"line":58,"column":23}},"25":{"start":{"line":62,"column":17},"end":{"line":76,"column":1}},"26":{"start":{"line":63,"column":4},"end":{"line":75,"column":5}},"27":{"start":{"line":64,"column":23},"end":{"line":64,"column":115}},"28":{"start":{"line":65,"column":24},"end":{"line":70,"column":9}},"29":{"start":{"line":71,"column":8},"end":{"line":71,"column":36}},"30":{"start":{"line":74,"column":8},"end":{"line":74,"column":23}},"31":{"start":{"line":78,"column":0},"end":{"line":83,"column":1}}},"fnMap":{"0":{"name":"(anonymous_0)","decl":{"start":{"line":8,"column":17},"end":{"line":8,"column":18}},"loc":{"start":{"line":8,"column":29},"end":{"line":25,"column":1}},"line":8},"1":{"name":"(anonymous_1)","decl":{"start":{"line":27,"column":19},"end":{"line":27,"column":20}},"loc":{"start":{"line":27,"column":44},"end":{"line":40,"column":1}},"line":27},"2":{"name":"(anonymous_2)","decl":{"start":{"line":42,"column":20},"end":{"line":42,"column":21}},"loc":{"start":{"line":42,"column":47},"end":{"line":60,"column":1}},"line":42},"3":{"name":"(anonymous_3)","decl":{"start":{"line":51,"column":29},"end":{"line":51,"column":30}},"loc":{"start":{"line":51,"column":34},"end":{"line":51,"column":70}},"line":51},"4":{"name":"(anonymous_4)","decl":{"start":{"line":52,"column":26},"end":{"line":52,"column":27}},"loc":{"start":{"line":52,"column":32},"end":{"line":55,"column":21}},"line":52},"5":{"name":"(anonymous_5)","decl":{"start":{"line":62,"column":17},"end":{"line":62,"column":18}},"loc":{"start":{"line":62,"column":48},"end":{"line":76,"column":1}},"line":62}},"branchMap":{},"s":{"0":2,"1":2,"2":2,"3":2,"4":2,"5":4,"6":4,"7":4,"8":0,"9":3,"10":2,"11":2,"12":2,"13":2,"14":0,"15":2,"16":2,"17":1,"18":1,"19":1,"20":1,"21":0,"22":0,"23":0,"24":1,"25":2,"26":2,"27":2,"28":2,"29":2,"30":2,"31":2},"f":{"0":4,"1":2,"2":1,"3":0,"4":0,"5":2},"b":{},"_coverageSchema":"1a1c01bbd47fc00a2c39e90264f33305004495a9","hash":"44203e8bafb829e3a3ca24ee8a4bef27b3514d52"}
}
