TN:
SF:index.js
FN:22,(anonymous_0)
FN:26,(anonymous_1)
FN:39,(anonymous_2)
FN:40,(anonymous_3)
FNF:4
FNH:2
FNDA:1,(anonymous_0)
FNDA:1,(anonymous_1)
FNDA:0,(anonymous_2)
FNDA:0,(anonymous_3)
DA:2,1
DA:7,1
DA:9,1
DA:14,1
DA:17,1
DA:18,1
DA:19,1
DA:22,1
DA:23,1
DA:26,1
DA:29,1
DA:33,1
DA:35,0
DA:37,0
DA:38,0
DA:39,0
DA:40,0
DA:43,0
DA:48,0
DA:49,0
DA:52,0
DA:53,0
DA:55,0
DA:56,0
DA:59,0
DA:60,0
DA:64,1
DA:66,1
DA:68,1
LF:29
LH:15
BRDA:35,0,0,0
BRDA:35,0,1,0
BRDA:43,1,0,0
BRDA:43,1,1,0
BRDA:44,2,0,0
BRDA:44,2,1,0
BRDA:48,3,0,0
BRDA:48,3,1,0
BRDA:55,4,0,0
BRDA:55,4,1,0
BRF:10
BRH:0
end_of_record
TN:
SF:src\config\config.js
FNF:0
FNH:0
DA:2,2
DA:4,2
DA:6,2
DA:7,2
DA:8,2
DA:9,2
DA:11,2
LF:7
LH:7
BRF:0
BRH:0
end_of_record
TN:
SF:src\config\example.js
FNF:0
FNH:0
DA:2,1
DA:45,1
DA:85,1
DA:126,1
LF:4
LH:4
BRF:0
BRH:0
end_of_record
TN:
SF:src\helpers\bodyOdata.js
FN:2,(anonymous_0)
FNF:1
FNH:1
FNDA:4,(anonymous_0)
DA:2,2
DA:3,4
DA:13,2
LF:3
LH:3
BRF:0
BRH:0
end_of_record
TN:
SF:src\helpers\headersOdata.js
FN:2,(anonymous_0)
FNF:1
FNH:1
FNDA:5,(anonymous_0)
DA:2,2
DA:3,5
DA:9,2
LF:3
LH:3
BRDA:2,0,0,0
BRF:1
BRH:0
end_of_record
TN:
SF:src\utils\bizagi.js
FN:8,(anonymous_0)
FN:27,(anonymous_1)
FN:42,(anonymous_2)
FN:51,(anonymous_3)
FN:52,(anonymous_4)
FN:62,(anonymous_5)
FNF:6
FNH:4
FNDA:4,(anonymous_0)
FNDA:2,(anonymous_1)
FNDA:1,(anonymous_2)
FNDA:0,(anonymous_3)
FNDA:0,(anonymous_4)
FNDA:2,(anonymous_5)
DA:1,2
DA:2,2
DA:4,2
DA:6,2
DA:8,2
DA:9,4
DA:10,4
DA:19,4
DA:20,0
DA:23,3
DA:27,2
DA:28,2
DA:29,2
DA:35,2
DA:36,0
DA:38,2
DA:42,2
DA:43,1
DA:44,1
DA:45,1
DA:50,1
DA:51,0
DA:52,0
DA:58,1
DA:62,2
DA:63,2
DA:64,2
DA:65,2
DA:71,2
DA:74,2
DA:78,2
LF:31
LH:27
BRF:0
BRH:0
end_of_record
